<?xml version="1.0" encoding="UTF-8"?>
<testsuite xmlns:xsi="http://www.w3.org/2001/XMLSchema-instance" xsi:noNamespaceSchemaLocation="https://maven.apache.org/surefire/maven-surefire-plugin/xsd/surefire-test-report-3.0.xsd" version="3.0" name="com.company.epm.repository.EmployeeRepositoryTest" time="3.764" tests="3" errors="0" skipped="0" failures="0">
  <properties>
[...]
</properties>
  <testcase name="save_EmployeeWithoutPassport" classname="com.company.epm.repository.EmployeeRepositoryTest" time="0.351">
    <system-out><![CDATA[2026-08-01T22:07:18.605+05:30  INFO 30316 --- [employee-passport-mapping] [           main] t.c.s.AnnotationConfigContextLoaderUtils : Could not detect default configuration classes for test class [com.company.epm.repository.EmployeeRepositoryTest]: EmployeeRepositoryTest does not declare any static, non-private, non-final, nested classes annotated with @Configuration.
2026-08-01T22:07:18.676+05:30  INFO 30316 --- [employee-passport-mapping] [           main] .b.t.c.SpringBootTestContextBootstrapper : Found @SpringBootConfiguration com.company.epm.EmployeePassportApplication for test class com.company.epm.repository.EmployeeRepositoryTest

  .   ____          _            __ _ _
 /\\ / ___'_ __ _ _(_)_ __  __ _ \ \ \ \
( ( )\___ | '_ | '_| | '_ \/ _` | \ \ \ \
 \\/  ___)| |_)| | | | | || (_| |  ) ) ) )
  '  |____| .__|_| |_|_| |_\__, | / / / /
 =========|_|==============|___/=/_/_/_/
 :: Spring Boot ::                (v3.2.3)

2026-08-01T22:07:18.723+05:30  INFO 30316 --- [employee-passport-mapping] [           main] c.c.e.repository.EmployeeRepositoryTest  : Starting EmployeeRepositoryTest using Java 17.0.9 with PID 30316 (started by 91948 in C:\Users\91948\OneDrive\Pictures\Desktop\Java-backend projects\employee-passport-mapping)
2026-08-01T22:07:18.723+05:30  INFO 30316 --- [employee-passport-mapping] [           main] c.c.e.repository.EmployeeRepositoryTest  : The following 1 profile is active: "dev"
2026-08-01T22:07:19.021+05:30  INFO 30316 --- [employee-passport-mapping] [           main] .s.d.r.c.RepositoryConfigurationDelegate : Bootstrapping Spring Data JPA repositories in DEFAULT mode.
2026-08-01T22:07:19.109+05:30  INFO 30316 --- [employee-passport-mapping] [           main] .s.d.r.c.RepositoryConfigurationDelegate : Finished Spring Data repository scanning in 75 ms. Found 2 JPA repository interfaces.
2026-08-01T22:07:19.206+05:30  INFO 30316 --- [employee-passport-mapping] [           main] beddedDataSourceBeanFactoryPostProcessor : Replacing 'dataSource' DataSource bean with embedded version
2026-08-01T22:07:19.296+05:30  INFO 30316 --- [employee-passport-mapping] [           main] o.s.j.d.e.EmbeddedDatabaseFactory        : Starting embedded database: url='jdbc:h2:mem:edfa45cc-1fe6-4122-8306-0326a18edc59;DB_CLOSE_DELAY=-1;DB_CLOSE_ON_EXIT=false', username='sa'
2026-08-01T22:07:19.819+05:30  INFO 30316 --- [employee-passport-mapping] [           main] o.hibernate.jpa.internal.util.LogHelper  : HHH000204: Processing PersistenceUnitInfo [name: default]
2026-08-01T22:07:19.941+05:30  INFO 30316 --- [employee-passport-mapping] [           main] org.hibernate.Version                    : HHH000412: Hibernate ORM core version 6.4.4.Final
2026-08-01T22:07:20.002+05:30  INFO 30316 --- [employee-passport-mapping] [           main] o.h.c.internal.RegionFactoryInitiator    : HHH000026: Second-level cache disabled
2026-08-01T22:07:20.163+05:30  INFO 30316 --- [employee-passport-mapping] [           main] o.s.o.j.p.SpringPersistenceUnitInfo      : No LoadTimeWeaver setup: ignoring JPA class transformer
2026-08-01T22:07:21.303+05:30  INFO 30316 --- [employee-passport-mapping] [           main] o.h.e.t.j.p.i.JtaPlatformInitiator       : HHH000489: No JTA platform available (set 'hibernate.transaction.jta.platform' to enable JTA platform integration)
Hibernate: 
    create table employees (
        id bigint generated by default as identity,
        created_at timestamp(6),
        department varchar(100) not null,
        email varchar(150) not null,
        name varchar(100) not null,
        updated_at timestamp(6),
        passport_id bigint,
        primary key (id)
    )
Hibernate: 
    create table passports (
        id bigint generated by default as identity,
        country varchar(100) not null,
        created_at timestamp(6),
        expiry_date date not null,
        passport_number varchar(50) not null,
        primary key (id)
    )
Hibernate: 
    alter table if exists employees 
       drop constraint if exists UK_j9xgmd0ya5jmus09o0b8pqrpb
Hibernate: 
    alter table if exists employees 
       add constraint UK_j9xgmd0ya5jmus09o0b8pqrpb unique (email)
Hibernate: 
    alter table if exists employees 
       drop constraint if exists UK_ck982sgw7x897lr72176d7efq
Hibernate: 
    alter table if exists employees 
       add constraint UK_ck982sgw7x897lr72176d7efq unique (passport_id)
Hibernate: 
    alter table if exists passports 
       drop constraint if exists UK_69bfsj94jasugfvkufhe2rcbv
Hibernate: 
    alter table if exists passports 
       add constraint UK_69bfsj94jasugfvkufhe2rcbv unique (passport_number)
Hibernate: 
    alter table if exists employees 
       add constraint FKhskjur5mngy4gs1yn30988d37 
       foreign key (passport_id) 
       references passports
2026-08-01T22:07:21.406+05:30  INFO 30316 --- [employee-passport-mapping] [           main] j.LocalContainerEntityManagerFactoryBean : Initialized JPA EntityManagerFactory for persistence unit 'default'
2026-08-01T22:07:21.933+05:30  INFO 30316 --- [employee-passport-mapping] [           main] c.c.e.repository.EmployeeRepositoryTest  : Started EmployeeRepositoryTest in 3.253 seconds (process running for 8.988)
Hibernate: 
    select
        e1_0.id,
        e1_0.created_at,
        e1_0.department,
        e1_0.email,
        e1_0.name,
        e1_0.passport_id,
        e1_0.updated_at 
    from
        employees e1_0
Hibernate: 
    select
        p1_0.id,
        p1_0.country,
        p1_0.created_at,
        p1_0.expiry_date,
        p1_0.passport_number 
    from
        passports p1_0 
    where
        p1_0.id=?
Hibernate: 
    select
        p1_0.id,
        p1_0.country,
        p1_0.created_at,
        p1_0.expiry_date,
        p1_0.passport_number 
    from
        passports p1_0 
    where
        p1_0.id=?
Hibernate: 
    delete 
    from
        employees 
    where
        id=?
Hibernate: 
    delete 
    from
        passports 
    where
        id=?
Hibernate: 
    delete 
    from
        employees 
    where
        id=?
Hibernate: 
    delete 
    from
        passports 
    where
        id=?
Hibernate: 
    delete 
    from
        employees 
    where
        id=?
Hibernate: 
    select
        p1_0.id,
        p1_0.country,
        p1_0.created_at,
        p1_0.expiry_date,
        p1_0.passport_number 
    from
        passports p1_0
Hibernate: 
    insert 
    into
        passports
        (country, created_at, expiry_date, passport_number, id) 
    values
        (?, ?, ?, ?, default)
Hibernate: 
    insert 
    into
        employees
        (created_at, department, email, name, passport_id, updated_at, id) 
    values
        (?, ?, ?, ?, ?, ?, default)
Hibernate: 
    insert 
    into
        employees
        (created_at, department, email, name, passport_id, updated_at, id) 
    values
        (?, ?, ?, ?, ?, ?, default)
Hibernate: 
    select
        e1_0.id,
        e1_0.created_at,
        e1_0.department,
        e1_0.email,
        e1_0.name,
        e1_0.passport_id,
        e1_0.updated_at 
    from
        employees e1_0 
    where
        e1_0.email=?
]]></system-out>
  </testcase>
  <testcase name="save_CascadePersistPassport" classname="com.company.epm.repository.EmployeeRepositoryTest" time="0.04">
    <system-out><![CDATA[Hibernate: 
    select
        e1_0.id,
        e1_0.created_at,
        e1_0.department,
        e1_0.email,
        e1_0.name,
        e1_0.passport_id,
        e1_0.updated_at 
    from
        employees e1_0
Hibernate: 
    select
        p1_0.id,
        p1_0.country,
        p1_0.created_at,
        p1_0.expiry_date,
        p1_0.passport_number 
    from
        passports p1_0 
    where
        p1_0.id=?
Hibernate: 
    select
        p1_0.id,
        p1_0.country,
        p1_0.created_at,
        p1_0.expiry_date,
        p1_0.passport_number 
    from
        passports p1_0 
    where
        p1_0.id=?
Hibernate: 
    delete 
    from
        employees 
    where
        id=?
Hibernate: 
    delete 
    from
        passports 
    where
        id=?
Hibernate: 
    delete 
    from
        employees 
    where
        id=?
Hibernate: 
    delete 
    from
        passports 
    where
        id=?
Hibernate: 
    delete 
    from
        employees 
    where
        id=?
Hibernate: 
    select
        p1_0.id,
        p1_0.country,
        p1_0.created_at,
        p1_0.expiry_date,
        p1_0.passport_number 
    from
        passports p1_0
Hibernate: 
    insert 
    into
        passports
        (country, created_at, expiry_date, passport_number, id) 
    values
        (?, ?, ?, ?, default)
Hibernate: 
    insert 
    into
        employees
        (created_at, department, email, name, passport_id, updated_at, id) 
    values
        (?, ?, ?, ?, ?, ?, default)
Hibernate: 
    insert 
    into
        employees
        (created_at, department, email, name, passport_id, updated_at, id) 
    values
        (?, ?, ?, ?, ?, ?, default)
Hibernate: 
    select
        e1_0.id,
        e1_0.created_at,
        e1_0.department,
        e1_0.email,
        e1_0.name,
        e1_0.passport_id,
        e1_0.updated_at 
    from
        employees e1_0 
    where
        e1_0.email=?
]]></system-out>
  </testcase>
  <testcase name="delete_CascadeDeletePassport" classname="com.company.epm.repository.EmployeeRepositoryTest" time="0.027">
    <system-out><![CDATA[Hibernate: 
    select
        e1_0.id,
        e1_0.created_at,
        e1_0.department,
        e1_0.email,
        e1_0.name,
        e1_0.passport_id,
        e1_0.updated_at 
    from
        employees e1_0
Hibernate: 
    select
        p1_0.id,
        p1_0.country,
        p1_0.created_at,
        p1_0.expiry_date,
        p1_0.passport_number 
    from
        passports p1_0 
    where
        p1_0.id=?
Hibernate: 
    select
        p1_0.id,
        p1_0.country,
        p1_0.created_at,
        p1_0.expiry_date,
        p1_0.passport_number 
    from
        passports p1_0 
    where
        p1_0.id=?
Hibernate: 
    delete 
    from
        employees 
    where
        id=?
Hibernate: 
    delete 
    from
        passports 
    where
        id=?
Hibernate: 
    delete 
    from
        employees 
    where
        id=?
Hibernate: 
    delete 
    from
        passports 
    where
        id=?
Hibernate: 
    delete 
    from
        employees 
    where
        id=?
Hibernate: 
    select
        p1_0.id,
        p1_0.country,
        p1_0.created_at,
        p1_0.expiry_date,
        p1_0.passport_number 
    from
        passports p1_0
Hibernate: 
    insert 
    into
        passports
        (country, created_at, expiry_date, passport_number, id) 
    values
        (?, ?, ?, ?, default)
Hibernate: 
    insert 
    into
        employees
        (created_at, department, email, name, passport_id, updated_at, id) 
    values
        (?, ?, ?, ?, ?, ?, default)
Hibernate: 
    insert 
    into
        employees
        (created_at, department, email, name, passport_id, updated_at, id) 
    values
        (?, ?, ?, ?, ?, ?, default)
]]></system-out>
  </testcase>
</testsuite>